Jul 02, 2025 20:28:10 DEBUG [1/10] This is a debugging message.
Jul 02, 2025 20:28:10 INFO [1/10] This is an information method.
Jul 02, 2025 20:28:11 WARNING [1/10] This is a warning message. It could be serious.
Jul 02, 2025 20:28:11 ERROR [1/10] Another warning sent.
Jul 02, 2025 20:28:12 CRITICAL [1/10] This is a critical message.
Jul 02, 2025 20:28:13 DEBUG [1/10] Debug message are only useful if you want to figure something out.
Jul 02, 2025 20:28:13 INFO [1/10] Information is usually harmless, but helpful.
Jul 02, 2025 20:28:14 WARNING [1/10] Warnings should be heeded
Jul 02, 2025 20:28:14 WARNING [1/10] Watching for warnings.
Jul 02, 2025 20:28:14 INFO [1/10] Even iteration - additional info message
Jul 02, 2025 20:28:14 ERROR [1/10] Every 5th iteration - error checkpoint
Jul 02, 2025 20:28:14 DEBUG [2/10] This is a debugging message.
Jul 02, 2025 20:28:15 INFO [2/10] This is an information method.
Jul 02, 2025 20:28:15 WARNING [2/10] This is a warning message. It could be serious.
Jul 02, 2025 20:28:16 ERROR [2/10] Another warning sent.
Jul 02, 2025 20:28:16 CRITICAL [2/10] This is a critical message.
Jul 02, 2025 20:28:17 DEBUG [2/10] Debug message are only useful if you want to figure something out.
Jul 02, 2025 20:28:18 INFO [2/10] Information is usually harmless, but helpful.
Jul 02, 2025 20:28:18 WARNING [2/10] Warnings should be heeded
Jul 02, 2025 20:28:18 WARNING [2/10] Watching for warnings.
Jul 02, 2025 20:28:18 DEBUG [3/10] This is a debugging message.
Jul 02, 2025 20:28:19 INFO [3/10] This is an information method.
Jul 02, 2025 20:28:20 WARNING [3/10] This is a warning message. It could be serious.
Jul 02, 2025 20:28:20 ERROR [3/10] Another warning sent.
Jul 02, 2025 20:28:21 CRITICAL [3/10] This is a critical message.
Jul 02, 2025 20:28:21 DEBUG [3/10] Debug message are only useful if you want to figure something out.
Jul 02, 2025 20:28:22 INFO [3/10] Information is usually harmless, but helpful.
Jul 02, 2025 20:28:22 WARNING [3/10] Warnings should be heeded
Jul 02, 2025 20:28:23 WARNING [3/10] Watching for warnings.
Jul 02, 2025 20:28:23 INFO [3/10] Even iteration - additional info message
Jul 02, 2025 20:28:23 DEBUG [4/10] This is a debugging message.
Jul 02, 2025 20:28:23 INFO [4/10] This is an information method.
Jul 02, 2025 20:28:24 WARNING [4/10] This is a warning message. It could be serious.
Jul 02, 2025 20:28:24 ERROR [4/10] Another warning sent.
Jul 02, 2025 20:28:25 CRITICAL [4/10] This is a critical message.
Jul 02, 2025 20:28:26 DEBUG [4/10] Debug message are only useful if you want to figure something out.
Jul 02, 2025 20:28:26 INFO [4/10] Information is usually harmless, but helpful.
Jul 02, 2025 20:28:27 WARNING [4/10] Warnings should be heeded
Jul 02, 2025 20:28:27 WARNING [4/10] Watching for warnings.
Jul 02, 2025 20:28:27 DEBUG [5/10] This is a debugging message.
Jul 02, 2025 20:28:28 INFO [5/10] This is an information method.
Jul 02, 2025 20:28:28 WARNING [5/10] This is a warning message. It could be serious.
Jul 02, 2025 20:28:29 ERROR [5/10] Another warning sent.
Jul 02, 2025 20:28:29 CRITICAL [5/10] This is a critical message.
Jul 02, 2025 20:28:30 DEBUG [5/10] Debug message are only useful if you want to figure something out.
Jul 02, 2025 20:28:33 INFO [5/10] Information is usually harmless, but helpful.
Jul 02, 2025 20:28:34 WARNING [5/10] Warnings should be heeded
Jul 02, 2025 20:28:34 WARNING [5/10] Watching for warnings.
Jul 02, 2025 20:28:34 INFO [5/10] Even iteration - additional info message
Jul 02, 2025 20:28:34 DEBUG [6/10] This is a debugging message.
Jul 02, 2025 20:28:35 INFO [6/10] This is an information method.
Jul 02, 2025 20:28:35 WARNING [6/10] This is a warning message. It could be serious.
Jul 02, 2025 20:28:36 ERROR [6/10] Another warning sent.
Jul 02, 2025 20:28:37 CRITICAL [6/10] This is a critical message.
Jul 02, 2025 20:28:37 DEBUG [6/10] Debug message are only useful if you want to figure something out.
Jul 02, 2025 20:28:38 INFO [6/10] Information is usually harmless, but helpful.
Jul 02, 2025 20:28:38 WARNING [6/10] Warnings should be heeded
Jul 02, 2025 20:28:38 WARNING [6/10] Watching for warnings.
Jul 02, 2025 20:28:38 ERROR [6/10] Every 5th iteration - error checkpoint
Jul 02, 2025 20:28:39 DEBUG [7/10] This is a debugging message.
Jul 02, 2025 20:28:39 INFO [7/10] This is an information method.
Jul 02, 2025 20:28:40 WARNING [7/10] This is a warning message. It could be serious.
Jul 02, 2025 20:28:40 ERROR [7/10] Another warning sent.
Jul 02, 2025 20:28:41 CRITICAL [7/10] This is a critical message.
Jul 02, 2025 20:28:42 DEBUG [7/10] Debug message are only useful if you want to figure something out.
Jul 02, 2025 20:28:42 INFO [7/10] Information is usually harmless, but helpful.
Jul 02, 2025 20:28:42 WARNING [7/10] Warnings should be heeded
Jul 02, 2025 20:28:43 WARNING [7/10] Watching for warnings.
Jul 02, 2025 20:28:43 INFO [7/10] Even iteration - additional info message
Jul 02, 2025 20:28:43 DEBUG [8/10] This is a debugging message.
Jul 02, 2025 20:28:43 INFO [8/10] This is an information method.
Jul 02, 2025 20:28:44 WARNING [8/10] This is a warning message. It could be serious.
Jul 02, 2025 20:28:45 ERROR [8/10] Another warning sent.
Jul 02, 2025 20:28:45 CRITICAL [8/10] This is a critical message.
Jul 02, 2025 20:28:46 DEBUG [8/10] Debug message are only useful if you want to figure something out.
Jul 02, 2025 20:28:46 INFO [8/10] Information is usually harmless, but helpful.
Jul 02, 2025 20:28:47 WARNING [8/10] Warnings should be heeded
Jul 02, 2025 20:28:47 WARNING [8/10] Watching for warnings.
Jul 02, 2025 20:28:47 DEBUG [9/10] This is a debugging message.
Jul 02, 2025 20:28:48 INFO [9/10] This is an information method.
Jul 02, 2025 20:28:48 WARNING [9/10] This is a warning message. It could be serious.
Jul 02, 2025 20:28:49 ERROR [9/10] Another warning sent.
Jul 02, 2025 20:28:50 CRITICAL [9/10] This is a critical message.
Jul 02, 2025 20:28:50 DEBUG [9/10] Debug message are only useful if you want to figure something out.
Jul 02, 2025 20:28:51 INFO [9/10] Information is usually harmless, but helpful.
Jul 02, 2025 20:28:51 WARNING [9/10] Warnings should be heeded
Jul 02, 2025 20:28:51 WARNING [9/10] Watching for warnings.
Jul 02, 2025 20:28:51 INFO [9/10] Even iteration - additional info message
Jul 02, 2025 20:28:52 DEBUG [10/10] This is a debugging message.
Jul 02, 2025 20:28:52 INFO [10/10] This is an information method.
Jul 02, 2025 20:28:53 WARNING [10/10] This is a warning message. It could be serious.
Jul 02, 2025 20:28:53 ERROR [10/10] Another warning sent.
Jul 02, 2025 20:28:54 CRITICAL [10/10] This is a critical message.
Jul 02, 2025 20:28:55 DEBUG [10/10] Debug message are only useful if you want to figure something out.
Jul 02, 2025 20:28:55 INFO [10/10] Information is usually harmless, but helpful.
Jul 02, 2025 20:28:55 WARNING [10/10] Warnings should be heeded
Jul 02, 2025 20:28:56 WARNING [10/10] Watching for warnings.
